        cld hd  LNA    Vac   Turbo Turbo Turbo elec.  botm  brng motor board inlet  pax  exhst rjctn housn  Fan  crnt  max   min   
  Time    (K)   (K)    mbar   RPM   amps watts  (C)   (C)   (C)   (C)   (C)   (C)   (C)   (C)   (C)   (C)   RPM watts watts watts  
14:36:41  65.3 143.5 1.6e-04 90015   0.5    12    30    41    52    63  27.0  30.0  27.0  27.0 ----- ----- 1383 142.7 240.0  70.0 N
14:39:41  65.4 143.4 1.6e-04 90016   0.5    12    30    41    52    63  28.0  30.0  27.0  27.0 ----- ----- 1370 141.6 240.0  70.0 N
14:42:41  65.2 143.8 1.5e-04 90017   0.5    12    30    41    52    63  28.0  30.0  27.0  27.0 ----- ----- 1391 141.8 240.0  70.0 N
14:45:41  65.2 143.7 1.5e-04 90012   0.5    12    30    41    52    63  28.5  30.0  27.0  27.0 ----- ----- 1389 142.8 240.0  70.0 N
14:48:41  65.2 143.5 1.5e-04 90016   0.5    12    30    41    52    63  29.0  30.0  27.0  27.0 ----- ----- 1366 142.8 240.0  70.0 N
14:51:42  65.3 143.8 1.6e-04 90012   0.5    12    30    41    52    63  29.0  30.0  27.0  27.1 ----- ----- 1377 143.7 240.0  70.0 N
14:54:42  65.4 144.0 1.5e-04 90018   0.5    12    30    41    52    63  29.0  30.0  27.0  27.1 ----- ----- 1379 145.0 240.0  70.0 N
14:57:42  65.3 143.7 1.6e-04 90016   0.5    12    30    41    52    63  29.0  30.0  27.0  27.0 ----- ----- 1387 145.1 240.0  70.0 N
15:00:42  65.4 143.8 1.6e-04 90012   0.5    12    30    41    52    63  29.0  30.0  27.0  27.1 ----- ----- 1390 145.7 240.0  70.0 N
15:03:42  65.2 143.6 1.5e-04 90018   0.5    12    30    41    52    63  29.0  30.0  27.0  27.1 ----- ----- 1385 146.2 240.0  70.0 N
15:06:42  65.3 143.9 1.5e-04 90016   0.5    12    30    41    52    63  29.0  30.0  27.0  27.1 ----- ----- 1383 146.5 240.0  70.0 N
15:09:42  65.2 143.9 1.5e-04 90013   0.5    12    30    41    52    63  29.0  30.0  27.0  27.2 ----- ----- 1387 147.9 240.0  70.0 N
15:12:42  65.3 143.7 1.5e-04 90013   0.5    12    30    41    52    63  29.0  30.0  27.0  27.6 ----- ----- 1401 149.1 240.0  70.0 N
15:15:42  65.2 143.9 1.5e-04 90018   0.5    12    30    41    52    63  29.0  30.0  27.0  27.8 ----- ----- 1366 149.1 240.0  70.0 N
15:18:42  65.3 143.9 1.5e-04 90014   0.5    12    30    41    52    63  29.0  30.0  27.0  27.5 ----- ----- 1392 148.2 240.0  70.0 N
15:21:42  65.4 143.8 1.5e-04 90018   0.5    12    30    41    52    63  29.0  30.0  27.0  27.8 ----- ----- 1382 147.8 240.0  70.0 N
15:24:42  65.4 143.6 1.5e-04 90017   0.5    12    30    41    52    63  29.0  30.0  27.0  27.7 ----- ----- 1376 148.7 240.0  70.0 N
15:27:42  65.3 143.5 1.5e-04 90018   0.5    12    30    41    52    63  29.0  30.0  27.0  27.7 ----- ----- 1384 150.2 240.0  70.0 N
15:30:42  65.2 143.6 1.5e-04 90013   0.5    12    30    41    52    63  29.0  30.1  27.0  28.0 ----- ----- 1387 151.1 240.0  70.0 N
15:33:42  65.3 144.0 1.5e-04 90012   0.5    12    30    41    52    63  29.0  30.1  27.0  27.9 ----- ----- 1369 150.7 240.0  70.0 N
15:36:42  65.4 143.8 1.5e-04 90014   0.5    12    30    41    52    63  29.1  30.1  27.0  27.9 ----- ----- 1369 150.3 240.0  70.0 N
15:39:43  65.2 144.2 1.5e-04 90012   0.5    12    30    41    52    63  29.0  30.1  27.0  28.0 ----- ----- 1379 151.6 240.0  70.0 N
15:42:43  65.2 144.1 1.5e-04 90018   0.5    12    30    41    52    63  29.0  30.2  27.0  28.0 ----- ----- 1375 150.5 240.0  70.0 N
15:45:43  65.4 144.2 1.5e-04 90014   0.5    12    30    41    52    63  29.1  30.2  27.0  27.9 ----- ----- 1376 150.0 240.0  70.0 N
15:48:43  65.3 144.0 1.5e-04 90013   0.5    12    30    41    52    63  29.1  30.2  27.0  28.0 ----- ----- 1376 150.8 240.0  70.0 N
15:51:43  65.2 144.0 1.5e-04 90018   0.5    12    30    41    52    63  29.0  30.2  27.0  28.0 ----- ----- 1371 151.6 240.0  70.0 N
15:54:43  65.3 144.4 1.5e-04 90014   0.5    12    30    41    52    63  29.0  30.4  27.0  28.0 ----- ----- 1376 151.6 240.0  70.0 N
15:57:43  65.3 144.2 1.5e-04 90013   0.5    12    30    41    52    63  29.0  30.3  27.0  28.0 ----- ----- 1375 149.6 240.0  70.0 N
16:00:43  65.4 144.3 1.5e-04 90012   0.5    12    30    41    52    63  29.0  30.3  27.0  28.0 ----- ----- 1372 150.5 240.0  70.0 N
16:03:43  65.3 144.3 1.5e-04 90018   0.5    12    30    41    52    63  29.0  30.4  27.0  28.0 ----- ----- 1385 150.9 240.0  70.0 N
16:06:43  65.4 144.4 1.5e-04 90014   0.5    12    30    41    52    63  29.0  30.6  27.0  28.0 ----- ----- 1418 150.5 240.0  70.0 N
16:09:43  65.2 144.0 1.5e-04 90016   0.5    12    30    41    52    63  29.0  30.4  27.0  28.0 ----- ----- 1378 148.9 240.0  70.0 N
16:12:43  65.2 144.3 1.5e-04 90018   0.5    12    30    41    52    63  29.0  30.6  27.0  28.0 ----- ----- 1382 148.7 240.0  70.0 N
16:15:43  65.4 144.4 1.5e-04 90018   0.5    12    30    41    52    63  29.0  30.4  27.0  28.0 ----- ----- 1379 151.2 240.0  70.0 N
16:18:43  65.2 144.3 1.5e-04 90012   0.5    12    30    41    52    63  29.0  30.5  27.0  28.0 ----- ----- 1369 151.0 240.0  70.0 N
16:21:44  65.2 144.2 1.5e-04 90018   0.5    12    30    41    52    63  29.0  30.4  27.0  28.0 ----- ----- 1369 152.7 240.0  70.0 N
16:24:44  65.3 144.3 1.5e-04 90018   0.5    12    30    41    52    63  29.0  30.3  27.0  28.0 ----- ----- 1387 151.7 240.0  70.0 N
16:27:44  65.2 144.1 1.5e-04 90018   0.5    12    30    41    52    63  29.0  30.7  27.0  28.0 ----- ----- 1378 151.2 240.0  70.0 N
16:30:44  65.2 144.4 1.5e-04 90017   0.5    12    30    41    52    63  29.0  30.6  27.0  28.0 ----- ----- 1384 151.5 240.0  70.0 N
16:33:44  65.2 144.4 1.5e-04 90013   0.5    12    30    41    52    63  29.0  30.5  27.0  28.0 ----- ----- 1381 151.0 240.0  70.0 N
16:36:44  65.4 144.5 1.6e-04 90014   0.5    12    30    41    52    63  29.0  30.6  27.0  28.0 ----- ----- 1371 150.8 240.0  70.0 N
16:39:44  65.3 144.2 1.5e-04 90017   0.5    12    30    41    52    63  29.0  30.3  27.0  28.0 ----- ----- 1389 152.5 240.0  70.0 N
16:42:44  65.2 144.5 1.5e-04 90017   0.5    12    30    41    52    63  29.0  30.4  27.0  28.0 ----- ----- 1386 152.3 240.0  70.0 N
16:45:44  65.2 144.3 1.5e-04 90016   0.5    12    30    41    52    63  29.0  30.5  27.0  28.0 ----- ----- 1376 151.0 240.0  70.0 N
16:48:44  65.3 144.3 1.5e-04 90015   0.5    12    30    41    52    63  29.0  30.6  27.0  28.0 ----- ----- 1378 152.2 240.0  70.0 N
16:51:44  65.2 144.3 1.5e-04 90014   0.5    12    30    41    52    63  29.0  30.6  27.1  28.0 ----- ----- 1373 151.4 240.0  70.0 N
16:54:44  65.4 144.4 1.5e-04 90013   0.5    12    30    41    52    63  29.0  30.8  27.2  28.0 ----- ----- 1384 152.6 240.0  70.0 N
16:57:44  65.4 144.4 1.5e-04 90015   0.5    12    30    41    52    63  29.0  30.9  27.3  28.0 ----- ----- 1376 151.4 240.0  70.0 N
17:00:44  65.3 144.4 1.5e-04 90018   0.5    12    30    41    52    63  29.0  30.9  27.3  28.0 ----- ----- 1378 150.9 240.0  70.0 N
17:03:45  65.3 144.2 1.5e-04 90018   0.5    12    30    41    52    63  29.0  30.9  27.1  28.0 ----- ----- 1382 150.6 240.0  70.0 N
17:06:45  65.3 144.4 1.5e-04 90016   0.5    12    30    41    52    63  29.0  31.0  27.4  28.0 ----- ----- 1372 152.4 240.0  70.0 N
17:09:45  65.2 144.4 1.5e-04 90014   0.5    12    30    41    52    63  29.0  31.0  27.5  28.0 ----- ----- 1386 154.4 240.0  70.0 N
17:12:45  65.3 144.4 1.5e-04 90015   0.5    12    30    41    52    63  29.0  31.0  27.6  28.0 ----- ----- 1355 154.6 240.0  70.0 N
17:15:45  65.3 144.5 1.5e-04 90018   0.5    12    30    41    52    63  29.1  31.0  27.5  28.0 ----- ----- 1370 154.2 240.0  70.0 N
17:18:45  65.4 144.5 1.5e-04 90016   0.5    12    30    41    52    63  29.2  31.0  27.8  28.0 ----- ----- 1385 155.3 240.0  70.0 N
17:21:45  65.4 144.4 1.5e-04 90017   0.5    12    30    41    52    63  29.0  31.0  27.8  28.0 ----- ----- 1370 154.8 240.0  70.0 N
17:24:45  65.4 144.5 1.5e-04 90018   0.5    12    30    41    52    63  29.1  31.0  27.8  28.0 ----- ----- 1376 156.5 240.0  70.0 N
17:27:45  65.4 144.5 1.5e-04 90014   0.5    12    30    41    52    63  29.4  31.0  27.9  28.0 ----- ----- 1384 157.0 240.0  70.0 N
17:30:45  65.4 144.5 1.5e-04 90012   0.5    12    30    41    52    63  29.2  31.0  27.9  28.0 ----- ----- 1372 157.5 240.0  70.0 N
17:33:45  65.3 144.5 1.5e-04 90015   0.5    12    30    41    52    63  29.4  31.0  28.0  28.0 ----- ----- 1376 157.8 240.0  70.0 N
17:36:45  65.4 144.5 1.5e-04 90013   0.5    12    30    41    52    63  29.6  31.0  28.0  28.0 ----- ----- 1380 158.5 240.0  70.0 N
17:39:45  65.4 144.5 1.5e-04 90012   0.5    12    30    41    52    63  29.6  31.0  28.0  28.0 ----- ----- 1384 158.6 240.0  70.0 N
17:42:45  65.3 144.5 1.5e-04 90015   0.5    12    30    41    52    63  29.8  31.0  28.0  28.0 ----- ----- 1385 157.9 240.0  70.0 N
17:45:46  65.2 144.5 1.5e-04 90015   0.5    12    30    41    52    63  29.7  31.0  28.0  28.0 ----- ----- 1380 158.2 240.0  70.0 N
17:48:46  65.2 144.4 1.5e-04 90016   0.5    12    30    41    52    63  29.7  31.0  28.0  28.0 ----- ----- 1378 156.5 240.0  70.0 N
17:51:46  65.3 144.4 1.5e-04 90012   0.5    12    30    41    52    63  29.9  31.0  28.0  28.0 ----- ----- 1391 155.0 240.0  70.0 N
17:54:46  65.2 144.5 1.5e-04 90016   0.5    12    30    41    52    63  29.8  31.0  28.0  28.0 ----- ----- 1370 156.9 240.0  70.0 N
17:57:46  65.3 144.5 1.5e-04 90015   0.5    12    30    41    52    63  29.8  31.0  28.0  28.0 ----- ----- 1377 157.5 240.0  70.0 N
18:00:46  65.4 144.4 1.5e-04 90017   0.5    12    30    41    52    63  30.0  31.0  28.0  28.0 ----- ----- 1393 157.2 240.0  70.0 N
18:03:46  65.3 144.5 1.6e-04 90012   0.5    12    30    41    52    63  30.0  31.0  28.0  28.0 ----- ----- 1383 155.9 240.0  70.0 N
18:06:46  65.4 144.4 1.5e-04 90012   0.5    12    30    41    52    63  30.0  31.0  28.0  28.0 ----- ----- 1388 156.1 240.0  70.0 N
18:09:46  65.3 144.5 1.5e-04 90015   0.5    12    30    41    52    63  30.0  31.0  28.0  28.2 ----- ----- 1384 155.8 240.0  70.0 N
18:12:46  65.2 144.5 1.5e-04 90014   0.5    12    30    41    52    63  30.0  31.0  28.0  28.1 ----- ----- 1389 156.3 240.0  70.0 N
18:15:46  65.4 144.5 1.5e-04 90014   0.5    12    30    41    52    63  30.0  31.0  28.0  28.3 ----- ----- 1379 155.1 240.0  70.0 N
18:18:25  65.3 144.5 1.6e-04 90016   0.5    12    30    41    52    63  30.0  31.0  28.0  28.3 ----- ----- 1387 156.2 240.0  70.0 N
18:21:25  65.4 144.5 1.5e-04 90018   0.5    12    30    41    52    63  30.0  31.0  28.0  28.4 ----- ----- 1401 156.6 240.0  70.0 N
18:24:25  65.4 144.5 1.5e-04 90016   0.5    12    30    41    52    63  30.0  31.0  28.0  28.5 ----- ----- 1385 155.2 240.0  70.0 N
18:27:25  65.3 144.5 1.5e-04 90014   0.5    12    30    41    52    63  30.0  31.0  28.0  28.6 ----- ----- 1370 156.9 240.0  70.0 N
18:30:25  65.4 144.5 1.5e-04 90014   0.5    12    30    41    52    63  30.0  31.0  28.0  28.8 ----- ----- 1373 158.8 240.0  70.0 N
18:33:25  65.3 144.5 1.6e-04 90013   0.5    12    30    41    52    63  30.0  31.0  28.0  28.7 ----- ----- 1376 158.4 240.0  70.0 N
18:36:25  65.2 144.5 1.5e-04 90013   0.5    12    30    41    52    63  30.0  31.0  28.0  28.9 ----- ----- 1391 159.5 240.0  70.0 N
18:38:16  65.4 144.5 1.5e-04 90017   0.5    12    30    41    52    63  30.0  31.0  28.0  28.9 ----- ----- 6347 160.7 240.0  70.0 N
18:41:16  65.4 144.4 1.5e-04 90012   0.5    12    30    41    52    63  30.0  31.0  28.0  29.0 ----- ----- 1377 160.9 240.0  70.0 N
18:44:16  65.4 144.4 1.6e-04 90017   0.5    12    30    41    52    63  30.0  31.0  28.0  28.9 ----- ----- 1376 162.5 240.0  70.0 N
18:47:17  65.3 144.5 1.5e-04 90018   0.5    12    30    41    52    63  30.0  31.0  28.0  28.8 ----- ----- 1388 162.9 240.0  70.0 N
18:50:17  65.3 144.4 1.5e-04 90018   0.5    12    30    41    52    63  30.0  31.0  28.0  29.0 ----- ----- 1383 163.5 240.0  70.0 N
18:53:17  65.4 144.4 1.5e-04 90018   0.5    12    30    41    52    63  30.0  31.0  28.0  28.9 ----- ----- 1380 163.7 240.0  70.0 N
18:56:17  65.4 144.4 1.5e-04 90018   0.5    12    30    41    52    63  30.0  31.0  28.0  28.8 ----- ----- 1394 164.6 240.0  70.0 N
18:59:17  65.4 144.4 1.5e-04 90017   0.5    12    30    41    52    63  30.0  31.0  28.0  28.8 ----- ----- 1379 163.8 240.0  70.0 N
19:02:17  65.2 144.4 1.5e-04 90014   0.5    12    30    41    52    63  30.0  31.0  28.0  28.8 ----- ----- 1384 163.0 240.0  70.0 N
19:05:17  65.3 144.5 1.5e-04 90014   0.5    12    30    41    52    63  30.0  31.0  28.0  28.9 ----- ----- 1388 162.2 240.0  70.0 N
19:08:17  65.4 144.5 1.5e-04 90018   0.5    12    30    41    52    63  30.0  31.0  28.0  28.9 ----- ----- 1382 161.3 240.0  70.0 N
19:11:17  65.4 144.4 1.5e-04 90016   0.5    12    30    41    52    63  30.0  31.0  28.0  28.7 ----- ----- 1374 160.2 240.0  70.0 N
